2018-12-31 13:14:20,921 ERROR: 404 Not Found: The requested URL was not found on the server.  If you entered the URL manually please check your spelling and try again. [in D:/Python/FlaskApiLast/ginger.py:19]
Traceback (most recent call last):
  File "C:\Users\Administrator.USER01801141917\.virtualenvs\FalskApiLast-gARaun8e\lib\site-packages\flask\app.py", line 1813, in full_dispatch_request
    rv = self.dispatch_request()
  File "C:\Users\Administrator.USER01801141917\.virtualenvs\FalskApiLast-gARaun8e\lib\site-packages\flask\app.py", line 1791, in dispatch_request
    self.raise_routing_exception(req)
  File "C:\Users\Administrator.USER01801141917\.virtualenvs\FalskApiLast-gARaun8e\lib\site-packages\flask\app.py", line 1774, in raise_routing_exception
    raise request.routing_exception
  File "C:\Users\Administrator.USER01801141917\.virtualenvs\FalskApiLast-gARaun8e\lib\site-packages\flask\ctx.py", line 336, in match_request
    self.url_adapter.match(return_rule=True)
  File "C:\Users\Administrator.USER01801141917\.virtualenvs\FalskApiLast-gARaun8e\lib\site-packages\werkzeug\routing.py", line 1581, in match
    raise NotFound()
werkzeug.exceptions.NotFound: 404 Not Found: The requested URL was not found on the server.  If you entered the URL manually please check your spelling and try again.
2018-12-31 13:14:45,832 ERROR: 404 Not Found: The requested URL was not found on the server.  If you entered the URL manually please check your spelling and try again. [in D:/Python/FlaskApiLast/ginger.py:19]
Traceback (most recent call last):
  File "C:\Users\Administrator.USER01801141917\.virtualenvs\FalskApiLast-gARaun8e\lib\site-packages\flask\app.py", line 1813, in full_dispatch_request
    rv = self.dispatch_request()
  File "C:\Users\Administrator.USER01801141917\.virtualenvs\FalskApiLast-gARaun8e\lib\site-packages\flask\app.py", line 1791, in dispatch_request
    self.raise_routing_exception(req)
  File "C:\Users\Administrator.USER01801141917\.virtualenvs\FalskApiLast-gARaun8e\lib\site-packages\flask\app.py", line 1774, in raise_routing_exception
    raise request.routing_exception
  File "C:\Users\Administrator.USER01801141917\.virtualenvs\FalskApiLast-gARaun8e\lib\site-packages\flask\ctx.py", line 336, in match_request
    self.url_adapter.match(return_rule=True)
  File "C:\Users\Administrator.USER01801141917\.virtualenvs\FalskApiLast-gARaun8e\lib\site-packages\werkzeug\routing.py", line 1581, in match
    raise NotFound()
werkzeug.exceptions.NotFound: 404 Not Found: The requested URL was not found on the server.  If you entered the URL manually please check your spelling and try again.
2018-12-31 13:14:49,779 ERROR: 404 Not Found: The requested URL was not found on the server.  If you entered the URL manually please check your spelling and try again. [in D:/Python/FlaskApiLast/ginger.py:19]
Traceback (most recent call last):
  File "C:\Users\Administrator.USER01801141917\.virtualenvs\FalskApiLast-gARaun8e\lib\site-packages\flask\app.py", line 1813, in full_dispatch_request
    rv = self.dispatch_request()
  File "C:\Users\Administrator.USER01801141917\.virtualenvs\FalskApiLast-gARaun8e\lib\site-packages\flask\app.py", line 1791, in dispatch_request
    self.raise_routing_exception(req)
  File "C:\Users\Administrator.USER01801141917\.virtualenvs\FalskApiLast-gARaun8e\lib\site-packages\flask\app.py", line 1774, in raise_routing_exception
    raise request.routing_exception
  File "C:\Users\Administrator.USER01801141917\.virtualenvs\FalskApiLast-gARaun8e\lib\site-packages\flask\ctx.py", line 336, in match_request
    self.url_adapter.match(return_rule=True)
  File "C:\Users\Administrator.USER01801141917\.virtualenvs\FalskApiLast-gARaun8e\lib\site-packages\werkzeug\routing.py", line 1581, in match
    raise NotFound()
werkzeug.exceptions.NotFound: 404 Not Found: The requested URL was not found on the server.  If you entered the URL manually please check your spelling and try again.
2018-12-31 13:15:04,482 ERROR: 404 Not Found: The requested URL was not found on the server.  If you entered the URL manually please check your spelling and try again. [in D:/Python/FlaskApiLast/ginger.py:19]
Traceback (most recent call last):
  File "C:\Users\Administrator.USER01801141917\.virtualenvs\FalskApiLast-gARaun8e\lib\site-packages\flask\app.py", line 1813, in full_dispatch_request
    rv = self.dispatch_request()
  File "C:\Users\Administrator.USER01801141917\.virtualenvs\FalskApiLast-gARaun8e\lib\site-packages\flask\app.py", line 1791, in dispatch_request
    self.raise_routing_exception(req)
  File "C:\Users\Administrator.USER01801141917\.virtualenvs\FalskApiLast-gARaun8e\lib\site-packages\flask\app.py", line 1774, in raise_routing_exception
    raise request.routing_exception
  File "C:\Users\Administrator.USER01801141917\.virtualenvs\FalskApiLast-gARaun8e\lib\site-packages\flask\ctx.py", line 336, in match_request
    self.url_adapter.match(return_rule=True)
  File "C:\Users\Administrator.USER01801141917\.virtualenvs\FalskApiLast-gARaun8e\lib\site-packages\werkzeug\routing.py", line 1581, in match
    raise NotFound()
werkzeug.exceptions.NotFound: 404 Not Found: The requested URL was not found on the server.  If you entered the URL manually please check your spelling and try again.
2018-12-31 13:15:05,347 ERROR: 404 Not Found: The requested URL was not found on the server.  If you entered the URL manually please check your spelling and try again. [in D:/Python/FlaskApiLast/ginger.py:19]
Traceback (most recent call last):
  File "C:\Users\Administrator.USER01801141917\.virtualenvs\FalskApiLast-gARaun8e\lib\site-packages\flask\app.py", line 1813, in full_dispatch_request
    rv = self.dispatch_request()
  File "C:\Users\Administrator.USER01801141917\.virtualenvs\FalskApiLast-gARaun8e\lib\site-packages\flask\app.py", line 1791, in dispatch_request
    self.raise_routing_exception(req)
  File "C:\Users\Administrator.USER01801141917\.virtualenvs\FalskApiLast-gARaun8e\lib\site-packages\flask\app.py", line 1774, in raise_routing_exception
    raise request.routing_exception
  File "C:\Users\Administrator.USER01801141917\.virtualenvs\FalskApiLast-gARaun8e\lib\site-packages\flask\ctx.py", line 336, in match_request
    self.url_adapter.match(return_rule=True)
  File "C:\Users\Administrator.USER01801141917\.virtualenvs\FalskApiLast-gARaun8e\lib\site-packages\werkzeug\routing.py", line 1581, in match
    raise NotFound()
werkzeug.exceptions.NotFound: 404 Not Found: The requested URL was not found on the server.  If you entered the URL manually please check your spelling and try again.
2018-12-31 13:15:14,693 ERROR: 400 Bad Request: {'file': ['只能上传图片']} [in D:/Python/FlaskApiLast/ginger.py:19]
Traceback (most recent call last):
  File "C:\Users\Administrator.USER01801141917\.virtualenvs\FalskApiLast-gARaun8e\lib\site-packages\flask\app.py", line 1813, in full_dispatch_request
    rv = self.dispatch_request()
  File "C:\Users\Administrator.USER01801141917\.virtualenvs\FalskApiLast-gARaun8e\lib\site-packages\flask\app.py", line 1799, in dispatch_request
    return self.view_functions[rule.endpoint](**req.view_args)
  File "D:\Python\FlaskApiLast\app\api\v1\imgupload_api.py", line 35, in img_upload
    form = MyFileForm().validate_for_api()
  File "D:\Python\FlaskApiLast\app\validates\base_form.py", line 17, in validate_for_api
    raise ParameterException(msg=self.errors)
app.libs.wyy_exception.ParameterException: 400 Bad Request: {'file': ['只能上传图片']}
2018-12-31 13:32:10,363 ERROR: 404 Not Found: The requested URL was not found on the server.  If you entered the URL manually please check your spelling and try again. [in D:/Python/FlaskApiLast/ginger.py:19]
Traceback (most recent call last):
  File "C:\Users\Administrator.USER01801141917\.virtualenvs\FalskApiLast-gARaun8e\lib\site-packages\flask\app.py", line 1813, in full_dispatch_request
    rv = self.dispatch_request()
  File "C:\Users\Administrator.USER01801141917\.virtualenvs\FalskApiLast-gARaun8e\lib\site-packages\flask\app.py", line 1791, in dispatch_request
    self.raise_routing_exception(req)
  File "C:\Users\Administrator.USER01801141917\.virtualenvs\FalskApiLast-gARaun8e\lib\site-packages\flask\app.py", line 1774, in raise_routing_exception
    raise request.routing_exception
  File "C:\Users\Administrator.USER01801141917\.virtualenvs\FalskApiLast-gARaun8e\lib\site-packages\flask\ctx.py", line 336, in match_request
    self.url_adapter.match(return_rule=True)
  File "C:\Users\Administrator.USER01801141917\.virtualenvs\FalskApiLast-gARaun8e\lib\site-packages\werkzeug\routing.py", line 1581, in match
    raise NotFound()
werkzeug.exceptions.NotFound: 404 Not Found: The requested URL was not found on the server.  If you entered the URL manually please check your spelling and try again.
2018-12-31 13:32:25,967 ERROR: 404 Not Found: The requested URL was not found on the server.  If you entered the URL manually please check your spelling and try again. [in D:/Python/FlaskApiLast/ginger.py:19]
Traceback (most recent call last):
  File "C:\Users\Administrator.USER01801141917\.virtualenvs\FalskApiLast-gARaun8e\lib\site-packages\flask\app.py", line 1813, in full_dispatch_request
    rv = self.dispatch_request()
  File "C:\Users\Administrator.USER01801141917\.virtualenvs\FalskApiLast-gARaun8e\lib\site-packages\flask\app.py", line 1791, in dispatch_request
    self.raise_routing_exception(req)
  File "C:\Users\Administrator.USER01801141917\.virtualenvs\FalskApiLast-gARaun8e\lib\site-packages\flask\app.py", line 1774, in raise_routing_exception
    raise request.routing_exception
  File "C:\Users\Administrator.USER01801141917\.virtualenvs\FalskApiLast-gARaun8e\lib\site-packages\flask\ctx.py", line 336, in match_request
    self.url_adapter.match(return_rule=True)
  File "C:\Users\Administrator.USER01801141917\.virtualenvs\FalskApiLast-gARaun8e\lib\site-packages\werkzeug\routing.py", line 1581, in match
    raise NotFound()
werkzeug.exceptions.NotFound: 404 Not Found: The requested URL was not found on the server.  If you entered the URL manually please check your spelling and try again.
2018-12-31 13:32:31,933 ERROR: 400 Bad Request: {'file': ['戒浼剧']} [in D:/Python/FlaskApiLast/ginger.py:19]
Traceback (most recent call last):
  File "C:\Users\Administrator.USER01801141917\.virtualenvs\FalskApiLast-gARaun8e\lib\site-packages\flask\app.py", line 1813, in full_dispatch_request
    rv = self.dispatch_request()
  File "C:\Users\Administrator.USER01801141917\.virtualenvs\FalskApiLast-gARaun8e\lib\site-packages\flask\app.py", line 1799, in dispatch_request
    return self.view_functions[rule.endpoint](**req.view_args)
  File "D:\Python\FlaskApiLast\app\api\v1\imgupload_api.py", line 35, in img_upload
    form = MyFileForm().validate_for_api()
  File "D:\Python\FlaskApiLast\app\validates\base_form.py", line 17, in validate_for_api
    raise ParameterException(msg=self.errors)
app.libs.wyy_exception.ParameterException: 400 Bad Request: {'file': ['戒浼剧']}
